<?xml version="1.0" encoding="utf-8"?><testsuites name="pytest tests"><testsuite name="pytest" errors="0" failures="0" skipped="0" tests="20" time="82.102" timestamp="2026-05-10T06:59:10.417647+00:00" hostname="agent-env-676c3e3c-55c8-413c-99fa-1960e317df1d"><testcase classname="backend.tests.test_mini_game_comprehensive.TestMiniGameChallengeCreation" name="test_create_rps_challenge_1_round" time="1.055" /><testcase classname="backend.tests.test_mini_game_comprehensive.TestMiniGameChallengeCreation" name="test_create_trivia_challenge_3_rounds" time="0.856" /><testcase classname="backend.tests.test_mini_game_comprehensive.TestMiniGameChallengeCreation" name="test_create_simon_challenge" time="0.875" /><testcase classname="backend.tests.test_mini_game_comprehensive.TestMiniGameChallengeCreation" name="test_create_whack_a_mole_challenge" time="0.865" /><testcase classname="backend.tests.test_mini_game_comprehensive.TestMiniGameChallengeCreation" name="test_invalid_round_count_rejected" time="0.785" /><testcase classname="backend.tests.test_mini_game_comprehensive.TestMiniGameChallengeCreation" name="test_only_assigned_player_can_create_challenge" time="0.810" /><testcase classname="backend.tests.test_mini_game_comprehensive.TestMiniGameChallengeResponse" name="test_accept_challenge_awards_xp" time="1.341" /><testcase classname="backend.tests.test_mini_game_comprehensive.TestMiniGameChallengeResponse" name="test_decline_challenge_unlocks_task" time="1.044" /><testcase classname="backend.tests.test_mini_game_comprehensive.TestMiniGameRoundPlay" name="test_rps_round_resolution" time="1.118" /><testcase classname="backend.tests.test_mini_game_comprehensive.TestMiniGameRoundPlay" name="test_trivia_correct_answer_wins" time="1.201" /><testcase classname="backend.tests.test_mini_game_comprehensive.TestMiniGameRoundPlay" name="test_trivia_faster_correct_answer_wins" time="1.126" /><testcase classname="backend.tests.test_mini_game_comprehensive.TestMiniGameRoundPlay" name="test_simon_higher_score_wins" time="1.104" /><testcase classname="backend.tests.test_mini_game_comprehensive.TestMiniGameRoundPlay" name="test_whack_a_mole_higher_score_wins" time="1.116" /><testcase classname="backend.tests.test_mini_game_comprehensive.TestMiniGameWinnerChoice" name="test_winner_chooses_me_assigns_to_winner" time="1.343" /><testcase classname="backend.tests.test_mini_game_comprehensive.TestMiniGameWinnerChoice" name="test_winner_chooses_them_assigns_to_loser" time="1.372" /><testcase classname="backend.tests.test_mini_game_comprehensive.TestMiniGameWinnerChoice" name="test_only_winner_can_assign_task" time="1.358" /><testcase classname="backend.tests.test_mini_game_comprehensive.TestMiniGameDuelPending" name="test_task_completion_blocked_during_duel" time="0.983" /><testcase classname="backend.tests.test_mini_game_comprehensive.TestMiniGamePendingChallengesList" name="test_get_pending_challenges" time="30.962" /><testcase classname="backend.tests.test_mini_game_comprehensive.TestMiniGamePendingChallengesList" name="test_completed_challenges_not_in_pending" time="21.023" /><testcase classname="backend.tests.test_mini_game_comprehensive.TestMiniGame3RoundDuel" name="test_3_round_duel_needs_2_wins" time="11.685" /></testsuite></testsuites>