<?xml version="1.0" encoding="utf-8"?><testsuites name="pytest tests"><testsuite name="pytest" errors="0" failures="0" skipped="0" tests="19" time="15.472" timestamp="2026-05-14T05:51:26.628201+00:00" hostname="agent-env-20aa5118-808b-4cc8-9034-26e5acad0ccb"><testcase classname="backend.tests.test_mini_game_duels" name="test_rps_duel_flow_reassigns_task" time="0.627" /><testcase classname="backend.tests.test_mini_game_duels" name="test_trivia_duel_acceptance_and_round_resolution" time="0.606" /><testcase classname="backend.tests.test_mini_game_duels" name="test_new_roster_games_create_and_war_resolves" time="0.652" /><testcase classname="backend.tests.test_verification_flow.TestVerificationFlow" name="test_complete_task_triggers_verification" time="1.247" /><testcase classname="backend.tests.test_verification_flow.TestVerificationFlow" name="test_pending_verifications_excludes_own_tasks" time="2.612" /><testcase classname="backend.tests.test_verification_flow.TestVerificationFlow" name="test_cannot_verify_own_task" time="1.534" /><testcase classname="backend.tests.test_verification_flow.TestVerificationFlow" name="test_verification_approval_awards_xp" time="1.575" /><testcase classname="backend.tests.test_verification_flow.TestVerificationFlow" name="test_verification_rejection_allows_recompletion" time="1.238" /><testcase classname="backend.tests.test_verification_flow.TestJoinFlowRegression" name="test_join_flow_with_redistribution" time="0.862" /><testcase classname="backend.tests.test_availability_calendar.TestAvailabilityPreferences" name="test_save_weekly_availability" time="0.310" /><testcase classname="backend.tests.test_availability_calendar.TestAvailabilityPreferences" name="test_save_date_override" time="0.313" /><testcase classname="backend.tests.test_availability_calendar.TestAvailabilityAwareAssignment" name="test_unavailable_member_gets_no_tasks_today" time="1.368" /><testcase classname="backend.tests.test_availability_calendar.TestAvailabilityAwareAssignment" name="test_tasks_have_scheduled_window_metadata" time="0.883" /><testcase classname="backend.tests.test_availability_calendar.TestAvailabilityAwareAssignment" name="test_all_members_unavailable_returns_error" time="0.352" /><testcase classname="backend.tests.test_availability_calendar.TestAvailabilityUIIntegration" name="test_user_endpoint_returns_preferences" time="0.204" /><testcase classname="backend.tests.test_random_events" name="test_random_event_generation_and_completion" time="0.459" /><testcase classname="backend.tests.test_random_events" name="test_pair_event_completion_creates_follow_up" time="0.276" /><testcase classname="backend.tests.test_sandbox_simulator" name="test_create_sandbox_household_and_overview" time="0.018" /><testcase classname="backend.tests.test_sandbox_simulator" name="test_sandbox_player_actions_and_reward_claim" time="0.022" /></testsuite></testsuites>