<?xml version="1.0" encoding="utf-8"?><testsuites name="pytest tests"><testsuite name="pytest" errors="0" failures="0" skipped="0" tests="7" time="0.670" timestamp="2026-01-27T19:19:43.941393+00:00" hostname="agent-env-4ce16593-c494-46cf-8949-9a772575b1af"><testcase classname="backend.tests.test_api.TestHouseholdCreation" name="test_create_household_enhanced" time="0.071" /><testcase classname="backend.tests.test_api.TestChoreAssignment" name="test_assign_chores" time="0.110" /><testcase classname="backend.tests.test_api.TestMyTasks" name="test_get_my_tasks" time="0.181" /><testcase classname="backend.tests.test_api.TestJoinHousehold" name="test_join_household" time="0.085" /><testcase classname="backend.tests.test_api.TestJoinHousehold" name="test_join_invalid_code" time="0.041" /><testcase classname="backend.tests.test_api.TestTalentTree" name="test_get_talent_tree" time="0.045" /><testcase classname="backend.tests.test_api.TestTalentTree" name="test_get_user_talents" time="0.076" /></testsuite></testsuites>