<?xml version="1.0" encoding="utf-8"?><testsuites name="pytest tests"><testsuite name="pytest" errors="0" failures="0" skipped="1" tests="84" time="79.153" timestamp="2026-05-10T07:03:38.040402+00:00" hostname="agent-env-676c3e3c-55c8-413c-99fa-1960e317df1d"><testcase classname="backend.tests.test_api.TestHouseholdCreation" name="test_create_household_enhanced" time="0.126" /><testcase classname="backend.tests.test_api.TestChoreAssignment" name="test_assign_chores" time="0.364" /><testcase classname="backend.tests.test_api.TestMyTasks" name="test_get_my_tasks" time="0.429" /><testcase classname="backend.tests.test_api.TestJoinHousehold" name="test_join_household" time="0.382" /><testcase classname="backend.tests.test_api.TestJoinHousehold" name="test_join_invalid_code" time="0.105" /><testcase classname="backend.tests.test_api.TestTalentTree" name="test_get_talent_tree" time="0.096" /><testcase classname="backend.tests.test_api.TestTalentTree" name="test_get_user_talents" time="0.225" /><testcase classname="backend.tests.test_availability_calendar.TestAvailabilityPreferences" name="test_save_weekly_availability" time="0.332" /><testcase classname="backend.tests.test_availability_calendar.TestAvailabilityPreferences" name="test_save_date_override" time="0.303" /><testcase classname="backend.tests.test_availability_calendar.TestAvailabilityAwareAssignment" name="test_unavailable_member_gets_no_tasks_today" time="1.036" /><testcase classname="backend.tests.test_availability_calendar.TestAvailabilityAwareAssignment" name="test_tasks_have_scheduled_window_metadata" time="0.693" /><testcase classname="backend.tests.test_availability_calendar.TestAvailabilityAwareAssignment" name="test_all_members_unavailable_returns_error" time="0.324" /><testcase classname="backend.tests.test_availability_calendar.TestAvailabilityUIIntegration" name="test_user_endpoint_returns_preferences" time="0.210" /><testcase classname="backend.tests.test_mini_game_comprehensive.TestMiniGameChallengeCreation" name="test_create_rps_challenge_1_round" time="0.864" /><testcase classname="backend.tests.test_mini_game_comprehensive.TestMiniGameChallengeCreation" name="test_create_trivia_challenge_3_rounds" time="0.833" /><testcase classname="backend.tests.test_mini_game_comprehensive.TestMiniGameChallengeCreation" name="test_create_simon_challenge" time="0.863" /><testcase classname="backend.tests.test_mini_game_comprehensive.TestMiniGameChallengeCreation" name="test_create_whack_a_mole_challenge" time="0.839" /><testcase classname="backend.tests.test_mini_game_comprehensive.TestMiniGameChallengeCreation" name="test_invalid_round_count_rejected" time="0.827" /><testcase classname="backend.tests.test_mini_game_comprehensive.TestMiniGameChallengeCreation" name="test_only_assigned_player_can_create_challenge" time="0.832" /><testcase classname="backend.tests.test_mini_game_comprehensive.TestMiniGameChallengeResponse" name="test_accept_challenge_awards_xp" time="1.392" /><testcase classname="backend.tests.test_mini_game_comprehensive.TestMiniGameChallengeResponse" name="test_decline_challenge_unlocks_task" time="1.034" /><testcase classname="backend.tests.test_mini_game_comprehensive.TestMiniGameRoundPlay" name="test_rps_round_resolution" time="1.200" /><testcase classname="backend.tests.test_mini_game_comprehensive.TestMiniGameRoundPlay" name="test_trivia_correct_answer_wins" time="1.189" /><testcase classname="backend.tests.test_mini_game_comprehensive.TestMiniGameRoundPlay" name="test_trivia_faster_correct_answer_wins" time="1.195" /><testcase classname="backend.tests.test_mini_game_comprehensive.TestMiniGameRoundPlay" name="test_simon_higher_score_wins" time="1.195" /><testcase classname="backend.tests.test_mini_game_comprehensive.TestMiniGameRoundPlay" name="test_whack_a_mole_higher_score_wins" time="1.173" /><testcase classname="backend.tests.test_mini_game_comprehensive.TestMiniGameWinnerChoice" name="test_winner_chooses_me_assigns_to_winner" time="1.368" /><testcase classname="backend.tests.test_mini_game_comprehensive.TestMiniGameWinnerChoice" name="test_winner_chooses_them_assigns_to_loser" time="1.378" /><testcase classname="backend.tests.test_mini_game_comprehensive.TestMiniGameWinnerChoice" name="test_only_winner_can_assign_task" time="1.259" /><testcase classname="backend.tests.test_mini_game_comprehensive.TestMiniGameDuelPending" name="test_task_completion_blocked_during_duel" time="0.975" /><testcase classname="backend.tests.test_mini_game_comprehensive.TestMiniGamePendingChallengesList" name="test_get_pending_challenges" time="0.951" /><testcase classname="backend.tests.test_mini_game_comprehensive.TestMiniGamePendingChallengesList" name="test_completed_challenges_not_in_pending" time="1.390" /><testcase classname="backend.tests.test_mini_game_comprehensive.TestMiniGame3RoundDuel" name="test_3_round_duel_needs_2_wins" time="1.382" /><testcase classname="backend.tests.test_mini_game_duels" name="test_rps_duel_flow_reassigns_task" time="0.390" /><testcase classname="backend.tests.test_mini_game_duels" name="test_trivia_duel_acceptance_and_round_resolution" time="0.379" /><testcase classname="backend.tests.test_random_events" name="test_random_event_generation_and_completion" time="0.169" /><testcase classname="backend.tests.test_random_events" name="test_pair_event_completion_creates_follow_up" time="0.164" /><testcase classname="backend.tests.test_random_events_comprehensive.TestRandomEventGeneration" name="test_random_event_generation_returns_event_with_theme" time="0.462" /><testcase classname="backend.tests.test_random_events_comprehensive.TestRandomEventGeneration" name="test_random_event_has_valid_structure" time="0.452" /><testcase classname="backend.tests.test_random_events_comprehensive.TestScheduleAwarePrompting" name="test_unavailable_user_does_not_receive_new_event" time="0.205" /><testcase classname="backend.tests.test_random_events_comprehensive.TestScheduleAwarePrompting" name="test_accepted_event_remains_visible_outside_availability" time="0.464" /><testcase classname="backend.tests.test_random_events_comprehensive.TestOneActiveMissionPerUser" name="test_user_cannot_have_multiple_active_events" time="0.598" /><testcase classname="backend.tests.test_random_events_comprehensive.TestOneActiveMissionPerUser" name="test_user_can_get_new_event_after_completing_previous" time="20.257" /><testcase classname="backend.tests.test_random_events_comprehensive.TestAcceptDismissFlow" name="test_accept_event_updates_status" time="0.581" /><testcase classname="backend.tests.test_random_events_comprehensive.TestAcceptDismissFlow" name="test_dismiss_event_updates_status" time="0.551" /><testcase classname="backend.tests.test_random_events_comprehensive.TestAcceptDismissFlow" name="test_dismiss_is_not_punitive" time="0.793" /><testcase classname="backend.tests.test_random_events_comprehensive.TestAcceptDismissFlow" name="test_cannot_complete_without_accepting" time="0.587" /><testcase classname="backend.tests.test_random_events_comprehensive.TestCompleteFlowXPAward" name="test_complete_event_awards_xp" time="0.911" /><testcase classname="backend.tests.test_random_events_comprehensive.TestCompleteFlowXPAward" name="test_complete_event_updates_level_if_threshold_reached" time="0.687" /><testcase classname="backend.tests.test_random_events_comprehensive.TestPairTeamFollowUp" name="test_pair_event_completion_creates_follow_up_for_pending_participant" time="0.473" /><testcase classname="backend.tests.test_random_events_comprehensive.TestPairTeamFollowUp" name="test_pair_event_completion_marks_pending_participant_as_reassigned" time="0.604" /><testcase classname="backend.tests.test_random_events_comprehensive.TestRegressionAvailabilityCalendar" name="test_availability_calendar_saves_weekly_defaults" time="0.337" /><testcase classname="backend.tests.test_random_events_comprehensive.TestRegressionAvailabilityCalendar" name="test_availability_calendar_saves_date_overrides" time="0.311" /><testcase classname="backend.tests.test_random_events_comprehensive.TestRegressionVerificationRejection" name="test_rejected_task_can_be_recompleted" time="0.837"><skipped type="pytest.skip" message="Task did not trigger verification">/app/backend/tests/test_random_events_comprehensive.py:727: Task did not trigger verification</skipped></testcase><testcase classname="backend.tests.test_sandbox_comprehensive.TestSandboxCreation" name="test_create_sandbox_with_default_players" time="0.204" /><testcase classname="backend.tests.test_sandbox_comprehensive.TestSandboxCreation" name="test_create_sandbox_with_custom_player_count" time="0.418" /><testcase classname="backend.tests.test_sandbox_comprehensive.TestSandboxCreation" name="test_sandbox_has_tasks_assigned" time="0.217" /><testcase classname="backend.tests.test_sandbox_comprehensive.TestSandboxCreation" name="test_sandbox_has_endorsements" time="0.227" /><testcase classname="backend.tests.test_sandbox_comprehensive.TestAerialDashboard" name="test_dashboard_shows_all_players" time="0.209" /><testcase classname="backend.tests.test_sandbox_comprehensive.TestAerialDashboard" name="test_dashboard_metrics_accurate" time="0.208" /><testcase classname="backend.tests.test_sandbox_comprehensive.TestAerialDashboard" name="test_player_availability_shown" time="0.200" /><testcase classname="backend.tests.test_sandbox_comprehensive.TestPlayerPerspective" name="test_player_has_assigned_tasks" time="0.215" /><testcase classname="backend.tests.test_sandbox_comprehensive.TestPlayerPerspective" name="test_complete_task_updates_state" time="0.319" /><testcase classname="backend.tests.test_sandbox_comprehensive.TestPlayerPerspective" name="test_refuse_task_updates_state" time="0.316" /><testcase classname="backend.tests.test_sandbox_comprehensive.TestPlayerPerspective" name="test_miss_task_updates_state" time="0.330" /><testcase classname="backend.tests.test_sandbox_comprehensive.TestEventActions" name="test_accept_event_updates_status" time="0.327" /><testcase classname="backend.tests.test_sandbox_comprehensive.TestEventActions" name="test_dismiss_event_updates_status" time="0.333" /><testcase classname="backend.tests.test_sandbox_comprehensive.TestEventActions" name="test_complete_event_awards_xp" time="0.433" /><testcase classname="backend.tests.test_sandbox_comprehensive.TestScheduleEditing" name="test_update_player_schedule" time="0.311" /><testcase classname="backend.tests.test_sandbox_comprehensive.TestNotes" name="test_add_note_as_player" time="0.325" /><testcase classname="backend.tests.test_sandbox_comprehensive.TestMockEndorsements" name="test_endorsements_have_correct_structure" time="0.224" /><testcase classname="backend.tests.test_sandbox_comprehensive.TestMockEndorsements" name="test_claim_available_reward" time="0.409" /><testcase classname="backend.tests.test_sandbox_comprehensive.TestManualMissionTrigger" name="test_trigger_mission_for_player" time="0.344" /><testcase classname="backend.tests.test_sandbox_comprehensive.TestGetSandboxEndpoints" name="test_get_latest_sandbox_for_admin" time="0.297" /><testcase classname="backend.tests.test_sandbox_comprehensive.TestGetSandboxEndpoints" name="test_get_sandbox_by_id" time="0.328" /><testcase classname="backend.tests.test_sandbox_comprehensive.TestGetSandboxEndpoints" name="test_get_nonexistent_sandbox_returns_null" time="0.303" /><testcase classname="backend.tests.test_sandbox_simulator" name="test_create_sandbox_household_and_overview" time="0.007" /><testcase classname="backend.tests.test_sandbox_simulator" name="test_sandbox_player_actions_and_reward_claim" time="0.019" /><testcase classname="backend.tests.test_verification_flow.TestVerificationFlow" name="test_complete_task_triggers_verification" time="3.159" /><testcase classname="backend.tests.test_verification_flow.TestVerificationFlow" name="test_pending_verifications_excludes_own_tasks" time="6.985" /><testcase classname="backend.tests.test_verification_flow.TestVerificationFlow" name="test_cannot_verify_own_task" time="1.442" /><testcase classname="backend.tests.test_verification_flow.TestVerificationFlow" name="test_verification_approval_awards_xp" time="1.589" /><testcase classname="backend.tests.test_verification_flow.TestVerificationFlow" name="test_verification_rejection_allows_recompletion" time="1.585" /><testcase classname="backend.tests.test_verification_flow.TestJoinFlowRegression" name="test_join_flow_with_redistribution" time="0.712" /></testsuite></testsuites>