<?xml version="1.0" encoding="utf-8"?><testsuites name="pytest tests"><testsuite name="pytest" errors="0" failures="0" skipped="1" tests="38" time="48.390" timestamp="2026-04-22T03:22:09.795612+00:00" hostname="agent-env-676c3e3c-55c8-413c-99fa-1960e317df1d"><testcase classname="backend.tests.test_api.TestHouseholdCreation" name="test_create_household_enhanced" time="0.226" /><testcase classname="backend.tests.test_api.TestChoreAssignment" name="test_assign_chores" time="0.290" /><testcase classname="backend.tests.test_api.TestMyTasks" name="test_get_my_tasks" time="0.433" /><testcase classname="backend.tests.test_api.TestJoinHousehold" name="test_join_household" time="0.330" /><testcase classname="backend.tests.test_api.TestJoinHousehold" name="test_join_invalid_code" time="0.101" /><testcase classname="backend.tests.test_api.TestTalentTree" name="test_get_talent_tree" time="0.109" /><testcase classname="backend.tests.test_api.TestTalentTree" name="test_get_user_talents" time="0.277" /><testcase classname="backend.tests.test_availability_calendar.TestAvailabilityPreferences" name="test_save_weekly_availability" time="0.332" /><testcase classname="backend.tests.test_availability_calendar.TestAvailabilityPreferences" name="test_save_date_override" time="0.324" /><testcase classname="backend.tests.test_availability_calendar.TestAvailabilityAwareAssignment" name="test_unavailable_member_gets_no_tasks_today" time="0.975" /><testcase classname="backend.tests.test_availability_calendar.TestAvailabilityAwareAssignment" name="test_tasks_have_scheduled_window_metadata" time="0.625" /><testcase classname="backend.tests.test_availability_calendar.TestAvailabilityAwareAssignment" name="test_all_members_unavailable_returns_error" time="0.325" /><testcase classname="backend.tests.test_availability_calendar.TestAvailabilityUIIntegration" name="test_user_endpoint_returns_preferences" time="0.221" /><testcase classname="backend.tests.test_random_events" name="test_random_event_generation_and_completion" time="0.180" /><testcase classname="backend.tests.test_random_events" name="test_pair_event_completion_creates_follow_up" time="0.152" /><testcase classname="backend.tests.test_random_events_comprehensive.TestRandomEventGeneration" name="test_random_event_generation_returns_event_with_theme" time="0.461" /><testcase classname="backend.tests.test_random_events_comprehensive.TestRandomEventGeneration" name="test_random_event_has_valid_structure" time="0.440" /><testcase classname="backend.tests.test_random_events_comprehensive.TestScheduleAwarePrompting" name="test_unavailable_user_does_not_receive_new_event" time="0.232" /><testcase classname="backend.tests.test_random_events_comprehensive.TestScheduleAwarePrompting" name="test_accepted_event_remains_visible_outside_availability" time="0.509" /><testcase classname="backend.tests.test_random_events_comprehensive.TestOneActiveMissionPerUser" name="test_user_cannot_have_multiple_active_events" time="0.610" /><testcase classname="backend.tests.test_random_events_comprehensive.TestOneActiveMissionPerUser" name="test_user_can_get_new_event_after_completing_previous" time="0.947" /><testcase classname="backend.tests.test_random_events_comprehensive.TestAcceptDismissFlow" name="test_accept_event_updates_status" time="0.532" /><testcase classname="backend.tests.test_random_events_comprehensive.TestAcceptDismissFlow" name="test_dismiss_event_updates_status" time="0.575" /><testcase classname="backend.tests.test_random_events_comprehensive.TestAcceptDismissFlow" name="test_dismiss_is_not_punitive" time="0.784" /><testcase classname="backend.tests.test_random_events_comprehensive.TestAcceptDismissFlow" name="test_cannot_complete_without_accepting" time="0.564" /><testcase classname="backend.tests.test_random_events_comprehensive.TestCompleteFlowXPAward" name="test_complete_event_awards_xp" time="0.877" /><testcase classname="backend.tests.test_random_events_comprehensive.TestCompleteFlowXPAward" name="test_complete_event_updates_level_if_threshold_reached" time="0.645" /><testcase classname="backend.tests.test_random_events_comprehensive.TestPairTeamFollowUp" name="test_pair_event_completion_creates_follow_up_for_pending_participant" time="0.460" /><testcase classname="backend.tests.test_random_events_comprehensive.TestPairTeamFollowUp" name="test_pair_event_completion_marks_pending_participant_as_reassigned" time="0.446" /><testcase classname="backend.tests.test_random_events_comprehensive.TestRegressionAvailabilityCalendar" name="test_availability_calendar_saves_weekly_defaults" time="0.840" /><testcase classname="backend.tests.test_random_events_comprehensive.TestRegressionAvailabilityCalendar" name="test_availability_calendar_saves_date_overrides" time="0.331" /><testcase classname="backend.tests.test_random_events_comprehensive.TestRegressionVerificationRejection" name="test_rejected_task_can_be_recompleted" time="0.762"><skipped type="pytest.skip" message="Task did not trigger verification">/app/backend/tests/test_random_events_comprehensive.py:727: Task did not trigger verification</skipped></testcase><testcase classname="backend.tests.test_verification_flow.TestVerificationFlow" name="test_complete_task_triggers_verification" time="0.883" /><testcase classname="backend.tests.test_verification_flow.TestVerificationFlow" name="test_pending_verifications_excludes_own_tasks" time="27.673" /><testcase classname="backend.tests.test_verification_flow.TestVerificationFlow" name="test_cannot_verify_own_task" time="0.949" /><testcase classname="backend.tests.test_verification_flow.TestVerificationFlow" name="test_verification_approval_awards_xp" time="2.041" /><testcase classname="backend.tests.test_verification_flow.TestVerificationFlow" name="test_verification_rejection_allows_recompletion" time="1.057" /><testcase classname="backend.tests.test_verification_flow.TestJoinFlowRegression" name="test_join_flow_with_redistribution" time="0.668" /></testsuite></testsuites>