<?xml version="1.0" encoding="utf-8"?><testsuites name="pytest tests"><testsuite name="pytest" errors="0" failures="0" skipped="0" tests="29" time="79.558" timestamp="2026-05-10T17:32:07.224340+00:00" hostname="agent-env-676c3e3c-55c8-413c-99fa-1960e317df1d"><testcase classname="backend.tests.test_mini_game_comprehensive.TestMiniGameChallengeCreation" name="test_create_rps_challenge_1_round" time="1.114" /><testcase classname="backend.tests.test_mini_game_comprehensive.TestMiniGameChallengeCreation" name="test_create_trivia_challenge_3_rounds" time="1.049" /><testcase classname="backend.tests.test_mini_game_comprehensive.TestMiniGameChallengeCreation" name="test_create_simon_challenge" time="1.071" /><testcase classname="backend.tests.test_mini_game_comprehensive.TestMiniGameChallengeCreation" name="test_create_whack_a_mole_challenge" time="1.096" /><testcase classname="backend.tests.test_mini_game_comprehensive.TestMiniGameChallengeCreation" name="test_create_memory_flip_challenge" time="1.130" /><testcase classname="backend.tests.test_mini_game_comprehensive.TestMiniGameChallengeCreation" name="test_create_boxes_challenge" time="1.054" /><testcase classname="backend.tests.test_mini_game_comprehensive.TestMiniGameChallengeCreation" name="test_create_war_challenge" time="1.089" /><testcase classname="backend.tests.test_mini_game_comprehensive.TestMiniGameChallengeCreation" name="test_invalid_round_count_rejected" time="1.022" /><testcase classname="backend.tests.test_mini_game_comprehensive.TestMiniGameChallengeCreation" name="test_only_assigned_player_can_create_challenge" time="1.125" /><testcase classname="backend.tests.test_mini_game_comprehensive.TestMiniGameChallengeResponse" name="test_accept_challenge_awards_xp" time="1.678" /><testcase classname="backend.tests.test_mini_game_comprehensive.TestMiniGameChallengeResponse" name="test_decline_challenge_unlocks_task" time="1.369" /><testcase classname="backend.tests.test_mini_game_comprehensive.TestMiniGameRoundPlay" name="test_rps_round_resolution" time="1.418" /><testcase classname="backend.tests.test_mini_game_comprehensive.TestMiniGameRoundPlay" name="test_trivia_correct_answer_wins" time="20.769" /><testcase classname="backend.tests.test_mini_game_comprehensive.TestMiniGameRoundPlay" name="test_trivia_faster_correct_answer_wins" time="1.394" /><testcase classname="backend.tests.test_mini_game_comprehensive.TestMiniGameRoundPlay" name="test_simon_higher_score_wins" time="5.596" /><testcase classname="backend.tests.test_mini_game_comprehensive.TestMiniGameRoundPlay" name="test_whack_a_mole_higher_score_wins" time="20.871" /><testcase classname="backend.tests.test_mini_game_comprehensive.TestMiniGameRoundPlay" name="test_memory_flip_higher_score_wins" time="1.449" /><testcase classname="backend.tests.test_mini_game_comprehensive.TestMiniGameRoundPlay" name="test_boxes_higher_score_wins" time="1.413" /><testcase classname="backend.tests.test_mini_game_comprehensive.TestMiniGameRoundPlay" name="test_war_higher_score_wins" time="1.467" /><testcase classname="backend.tests.test_mini_game_comprehensive.TestMiniGameWinnerChoice" name="test_winner_chooses_me_assigns_to_winner" time="1.635" /><testcase classname="backend.tests.test_mini_game_comprehensive.TestMiniGameWinnerChoice" name="test_winner_chooses_them_assigns_to_loser" time="1.554" /><testcase classname="backend.tests.test_mini_game_comprehensive.TestMiniGameWinnerChoice" name="test_only_winner_can_assign_task" time="1.548" /><testcase classname="backend.tests.test_mini_game_comprehensive.TestMiniGameDuelPending" name="test_task_completion_blocked_during_duel" time="1.210" /><testcase classname="backend.tests.test_mini_game_comprehensive.TestMiniGamePendingChallengesList" name="test_get_pending_challenges" time="1.210" /><testcase classname="backend.tests.test_mini_game_comprehensive.TestMiniGamePendingChallengesList" name="test_completed_challenges_not_in_pending" time="1.576" /><testcase classname="backend.tests.test_mini_game_comprehensive.TestMiniGame3RoundDuel" name="test_3_round_duel_needs_2_wins" time="1.641" /><testcase classname="backend.tests.test_mini_game_duels" name="test_rps_duel_flow_reassigns_task" time="0.595" /><testcase classname="backend.tests.test_mini_game_duels" name="test_trivia_duel_acceptance_and_round_resolution" time="0.596" /><testcase classname="backend.tests.test_mini_game_duels" name="test_new_roster_games_create_and_war_resolves" time="0.642" /></testsuite></testsuites>