<?xml version="1.0" encoding="utf-8"?><testsuites name="pytest tests"><testsuite name="pytest" errors="0" failures="0" skipped="0" tests="8" time="5.343" timestamp="2026-05-14T05:51:15.582781+00:00" hostname="agent-env-20aa5118-808b-4cc8-9034-26e5acad0ccb"><testcase classname="backend.tests.test_chore_swapping" name="test_trade_swap_happy_path" time="0.627" /><testcase classname="backend.tests.test_chore_swapping" name="test_give_swap_one_way_no_offer" time="0.600" /><testcase classname="backend.tests.test_chore_swapping" name="test_marketplace_flow" time="1.022" /><testcase classname="backend.tests.test_chore_swapping" name="test_decline_and_admin_deny" time="0.617" /><testcase classname="backend.tests.test_chore_swapping" name="test_requester_cancel_and_pending_limit" time="0.622" /><testcase classname="backend.tests.test_chore_swapping" name="test_cooldown_blocks_immediate_reswap" time="0.604" /><testcase classname="backend.tests.test_chore_swapping" name="test_validation_errors" time="0.601" /><testcase classname="backend.tests.test_chore_swapping" name="test_user_swap_summary_endpoint" time="0.586" /></testsuite></testsuites>