<?xml version="1.0" encoding="utf-8"?><testsuites name="pytest tests"><testsuite name="pytest" errors="0" failures="0" skipped="0" tests="19" time="10.353" timestamp="2026-04-16T00:41:40.323702+00:00" hostname="agent-env-676c3e3c-55c8-413c-99fa-1960e317df1d"><testcase classname="backend.tests.test_api.TestHouseholdCreation" name="test_create_household_enhanced" time="0.192" /><testcase classname="backend.tests.test_api.TestChoreAssignment" name="test_assign_chores" time="0.311" /><testcase classname="backend.tests.test_api.TestMyTasks" name="test_get_my_tasks" time="0.394" /><testcase classname="backend.tests.test_api.TestJoinHousehold" name="test_join_household" time="0.279" /><testcase classname="backend.tests.test_api.TestJoinHousehold" name="test_join_invalid_code" time="0.116" /><testcase classname="backend.tests.test_api.TestTalentTree" name="test_get_talent_tree" time="0.137" /><testcase classname="backend.tests.test_api.TestTalentTree" name="test_get_user_talents" time="0.228" /><testcase classname="backend.tests.test_availability_calendar.TestAvailabilityPreferences" name="test_save_weekly_availability" time="0.361" /><testcase classname="backend.tests.test_availability_calendar.TestAvailabilityPreferences" name="test_save_date_override" time="0.407" /><testcase classname="backend.tests.test_availability_calendar.TestAvailabilityAwareAssignment" name="test_unavailable_member_gets_no_tasks_today" time="0.856" /><testcase classname="backend.tests.test_availability_calendar.TestAvailabilityAwareAssignment" name="test_tasks_have_scheduled_window_metadata" time="0.629" /><testcase classname="backend.tests.test_availability_calendar.TestAvailabilityAwareAssignment" name="test_all_members_unavailable_returns_error" time="0.347" /><testcase classname="backend.tests.test_availability_calendar.TestAvailabilityUIIntegration" name="test_user_endpoint_returns_preferences" time="0.223" /><testcase classname="backend.tests.test_verification_flow.TestVerificationFlow" name="test_complete_task_triggers_verification" time="0.782" /><testcase classname="backend.tests.test_verification_flow.TestVerificationFlow" name="test_pending_verifications_excludes_own_tasks" time="1.265" /><testcase classname="backend.tests.test_verification_flow.TestVerificationFlow" name="test_cannot_verify_own_task" time="0.810" /><testcase classname="backend.tests.test_verification_flow.TestVerificationFlow" name="test_verification_approval_awards_xp" time="1.368" /><testcase classname="backend.tests.test_verification_flow.TestVerificationFlow" name="test_verification_rejection_allows_recompletion" time="0.957" /><testcase classname="backend.tests.test_verification_flow.TestJoinFlowRegression" name="test_join_flow_with_redistribution" time="0.625" /></testsuite></testsuites>