<?xml version="1.0" encoding="utf-8"?><testsuites name="pytest tests"><testsuite name="pytest" errors="0" failures="0" skipped="0" tests="12" time="6.043" timestamp="2026-05-14T06:17:00.166200+00:00" hostname="agent-env-20aa5118-808b-4cc8-9034-26e5acad0ccb"><testcase classname="backend.tests.test_epic_invite" name="test_epic_invite_returns_full_payload" time="0.007" /><testcase classname="backend.tests.test_epic_invite" name="test_epic_invite_tone_override" time="0.012" /><testcase classname="backend.tests.test_epic_invite" name="test_epic_invite_falls_back_to_creator_when_no_inviter_id" time="0.005" /><testcase classname="backend.tests.test_epic_invite" name="test_epic_invite_404_when_household_missing" time="0.002" /><testcase classname="backend.tests.test_chore_swapping" name="test_trade_swap_happy_path" time="0.702" /><testcase classname="backend.tests.test_chore_swapping" name="test_give_swap_one_way_no_offer" time="0.683" /><testcase classname="backend.tests.test_chore_swapping" name="test_marketplace_flow" time="1.140" /><testcase classname="backend.tests.test_chore_swapping" name="test_decline_and_admin_deny" time="0.702" /><testcase classname="backend.tests.test_chore_swapping" name="test_requester_cancel_and_pending_limit" time="0.706" /><testcase classname="backend.tests.test_chore_swapping" name="test_cooldown_blocks_immediate_reswap" time="0.688" /><testcase classname="backend.tests.test_chore_swapping" name="test_validation_errors" time="0.682" /><testcase classname="backend.tests.test_chore_swapping" name="test_user_swap_summary_endpoint" time="0.663" /></testsuite></testsuites>