<?xml version="1.0" encoding="utf-8"?><testsuites name="pytest tests"><testsuite name="pytest" errors="0" failures="1" skipped="0" tests="7" time="0.655" timestamp="2026-01-27T19:19:16.534096+00:00" hostname="agent-env-4ce16593-c494-46cf-8949-9a772575b1af"><testcase classname="backend.tests.test_api.TestHouseholdCreation" name="test_create_household_enhanced" time="0.080" /><testcase classname="backend.tests.test_api.TestChoreAssignment" name="test_assign_chores" time="0.102" /><testcase classname="backend.tests.test_api.TestMyTasks" name="test_get_my_tasks" time="0.144" /><testcase classname="backend.tests.test_api.TestJoinHousehold" name="test_join_household" time="0.080"><failure message="AssertionError: Join household failed: 422 - {&quot;detail&quot;:[{&quot;type&quot;:&quot;missing&quot;,&quot;loc&quot;:[&quot;body&quot;,&quot;memberName&quot;],&quot;msg&quot;:&quot;Field required&quot;,&quot;input&quot;:{&quot;inviteCode&quot;:&quot;62623A&quot;,&quot;displayName&quot;:&quot;New Member 32eb&quot;},&quot;url&quot;:&quot;https://errors.pydantic.dev/2.12/v/missing&quot;}]}&#10;assert 422 == 200&#10; +  where 422 = &lt;Response [422]&gt;.status_code">backend/tests/test_api.py:230: in test_join_household
    assert response.status_code == 200, f"Join household failed: {response.status_code} - {response.text}"
E   AssertionError: Join household failed: 422 - {"detail":[{"type":"missing","loc":["body","memberName"],"msg":"Field required","input":{"inviteCode":"62623A","displayName":"New Member 32eb"},"url":"https://errors.pydantic.dev/2.12/v/missing"}]}
E   assert 422 == 200
E    +  where 422 = &lt;Response [422]&gt;.status_code</failure></testcase><testcase classname="backend.tests.test_api.TestJoinHousehold" name="test_join_invalid_code" time="0.043" /><testcase classname="backend.tests.test_api.TestTalentTree" name="test_get_talent_tree" time="0.043" /><testcase classname="backend.tests.test_api.TestTalentTree" name="test_get_user_talents" time="0.083" /></testsuite></testsuites>